
Open In Colab
Bem Vindas - E esse tal de pyhton?(Fazer o projeto em conjunto)
Hoje vamos praticar alguns conceitos de python, iremos pegar revis√£o bem r√°pida de python b√°sico e depois vamos parti para uma parte mais intermedi√°rio, certo?

Aula com a professora: Nicole Pessoa
Monitora: Amanda Silva

1. Vari√°veis e Operadores
O que s√£o vari√°veis?

S√£o "caixinhas" que armazenam dados na mem√≥ria. Em Python, n√£o precisamos declarar o tipo (ela √© din√¢mica).


name = "Fernanda" #String (Texto)
idade = 28     #Int (N√∫meros Inteiros)
altura = 1.55   #Float (Decimal)
estudante = True #booleano (True/False)
     
Operadores B√°sicos
Aritm√©ticos: +, -, *, /, // (divis√£o inteira), % (resto), ** (pot√™ncia).

Compara√ß√£o: ==, !=, >, <, >=, <=.

L√≥gicos: and, or, not.

nota1 = 6.7
nota2 = 8.7
print(nota1 // nota2) # operador de divis√£o inteira. Ele retorna o maior n√∫mero inteiro que √© menor ou igual ao resultado da divis√£o (ou seja, "corta" as casas decimais).
print(nota1 > nota2)
print(nota2 != nota1)
     
0.0
False
True

#Vamos usar compara√ß√£o para ver como pode ser usado como exemplo
if nota1 >= 8:
  print("Aprovado")
else:
  print("Reprovado")
     
Reprovado
2. Estruturas de Dados
Listas (list)

Ordenadas, mut√°veis e permitem itens duplicados.
Listas s√£o estruturas de dados mut√°veis e ordenadas em Python, usadas para armazenar cole√ß√µes de itens (que podem ser de tipos diferentes). Elas s√£o uma das estruturas mais vers√°teis e comumente usadas na linguagem.


Caracter√≠sticas Principais:

Mut√°veis: Podem ser modificadas ap√≥s a cria√ß√£o (adicionar, remover ou alterar elementos).

Ordenadas: Os elementos t√™m uma ordem fixa (indexados por posi√ß√£o, come√ßando em 0).

Aceitam diferentes tipos de dados: Podem armazenar inteiros, strings, floats, outras listas, etc.

Permitem elementos duplicados: Listas podem ter valores repetidos.


frutas = [banana,pessego,pera,melancia]
     
---------------------------------------------------------------------------
NameError                                 Traceback (most recent call last)
<ipython-input-5-c8aa46c2a0bf> in <cell line: 0>()
----> 1 frutas = [banana,pessego,pera,melancia]

NameError: name 'banana' is not defined

frutas = ["banana","pessego","pera","melancia"]
     

frutas.append("ameixa")  # Adiciona no final
frutas[2] = "mexerica"      # Altera um item
print(frutas[0])           # Acessa o primeiro item
     
banana

print(frutas)
     
['banana', 'pessego', 'mexerica', 'melancia', 'abacaxi', 'ameixa']
Tuplas (tuple)

Ordenadas, imut√°veis e permitem itens duplicados.
Tuplas (tuples) s√£o estruturas de dados imut√°veis e ordenadas em Python, semelhantes a listas, mas com a diferen√ßa crucial de que n√£o podem ser modificadas ap√≥s a cria√ß√£o. Elas s√£o usadas para armazenar cole√ß√µes de itens, geralmente heterog√™neos (dados de tipos diferentes).

Caracter√≠sticas Principais

Imut√°veis: N√£o podem ser alteradas ap√≥s a cria√ß√£o (n√£o √© poss√≠vel adicionar, remover ou modificar elementos).

Ordenadas: Os elementos t√™m uma ordem fixa (indexados por posi√ß√£o, come√ßando em 0).

Aceitam diferentes tipos de dados: Podem armazenar inteiros, strings, floats, listas e at√© outras tuplas.

Podem ser duplicadas: Permitem elementos repetidos.

As tuplas s√£o definidas usando par√™nteses ( ), mas os par√™nteses s√£o opcionais se h√° pelo menos uma v√≠rgula.


#Exemplo 1: Tupla SimplesExemplo 1: Tupla Simples
coordenadas = (10, 20)

     

#Exemplo 2: Tupla com Um Elemento
tupla_unica = (42,) #Tupla com um √∫nico elemento precisa de v√≠rgula
nao_e_tupla = (42) #Isso √© um n√∫mero inteiro, n√£o √© uma tupla
     
Dicion√°rios (dict)

Pares chave-valor, n√£o ordenados, mut√°veis.

pessoa = {"nome":"Nicole","idade":30}
print(pessoa["nome"])
print(pessoa["idade"])
     
Nicole
30
3. Loops e Condicionais
# Condicionais (if, elif, else)
Executa blocos de c√≥digo conforme condi√ß√µes.


idade = 18
if idade >= 18:
  print("Habilitado")

elif idade <= 16:
  print("Provis√≥ria")

else:
  print("N√£o habilitado")
     
Habilitado
Loops (for e while)


#for (itera sobre sequ√™ncias)
numeros = [1,2,3]
for t in numeros:
    print(t)
     
1
2
3

#while (executa enquanto condi√ß√£o for verdadeira)
contador =  0
while contador < 3 :
    print(contador)
    contador += 1
     
0
1
2
O while √© uma estrutura de repeti√ß√£o (loop) em Python que executa um bloco de c√≥digo enquanto uma condi√ß√£o for verdadeira. Ele √© √∫til quando voc√™ n√£o sabe quantas vezes o loop precisa repetir, mas tem uma condi√ß√£o de parada definida.

while condi√ß√£o: # Bloco de c√≥digo que repete # enquanto a condi√ß√£o for True

Define uma vari√°vel contador com valor inicial 0.

while: Palavra-chave que inicia o loop.

contador < 3: Condi√ß√£o de repeti√ß√£o. O loop continuar√° executando enquanto contador for menor que 3.

    print(contador): Exibe o valor atual do contador.

contador += 1: Incrementa contador em 1 (equivalente a contador = contador + 1).
4. Fun√ß√µes (def)
Blocos de c√≥digo reutiliz√°veis que recebem par√¢metros e retornam valores.


#Fun√ß√£o B√°sica
def saudacao(nome):
    return f"Ol√°, {nome}"

print(saudacao("Fernanda"))
     
Ol√°, Fernanda
def ‚Üí Palavra-chave para definir uma fun√ß√£o.

saudacao ‚Üí Nome da fun√ß√£o (escolhido pelo programador).

(nome) ‚Üí Par√¢metro da fun√ß√£o (vari√°vel que recebe o valor passado quando a fun√ß√£o √© chamada).

    return ‚Üí Indica o valor que a fun√ß√£o retorna quando √© chamada.

f"Ol√°, {nome}" ‚Üí f-string (formata√ß√£o moderna do Python), que insere o valor de nome dentro da string.

saudacao("Nicole") ‚Üí Chama a fun√ß√£o passando "Nicole" como argumento.
Agora vamos aprofundar mais?
1. Estruturas de Dados Avan√ßadas
List Comprehension vs. Loops Tradicionais: Explica√ß√£o para Iniciantes

Imagina que voc√™ tem uma caixa de brinquedos (uma lista) e quer fazer uma opera√ß√£o com cada brinquedo. Voc√™ pode fazer isso de 2 formas:

M√©todo Tradicional (Loop For)
‚Üí Pegar um brinquedo de cada vez, fazer a opera√ß√£o e colocar na nova caixa.
‚Üí Passo a passo, manualmente.

List Comprehension
‚Üí Uma "m√°gica" que transforma toda a caixa de uma vez.
‚Üí Mais r√°pido e elegante.
Exemplo 1: Dobrar N√∫meros

Situa√ß√£o: Voc√™ tem os n√∫meros [1, 2, 3] e quer [2, 4, 6].


numeros = [1,2,3]
dobrados = []
for num in numeros:
  dobrados.append(num * 2)
print(dobrados)
     
[2, 4, 6]

#Vers√£o com List Comprehension (M√°gica)
numeros =[1,2,3]
dobrados = [num * 2 for num in numeros]
print(dobrados)
     
[2, 4, 6]
Compara√ß√£o:

Loop: 3 linhas (criar lista vazia + loop + append)

List Comprehension: 1 linha s√≥!
Exemplo 2: Filtrar Frutas

Situa√ß√£o: Voc√™ tem ["ma√ß√£", "banana", "morango"] e quer s√≥ as com "m".


#Loop Tradicional
frutas = ["ma√ß√£", "banana", "morango"]
filtradas = []
for fruta in frutas:
  if fruta.startswith("m"):
    filtradas.append(fruta)
print(filtradas)
     
['ma√ß√£', 'morango']

#List Comprehension
frutas = ["ma√ß√£", "banana", "morango"]
filtradas = [fruta for fruta in frutas if fruta.startswith("m")]
print(filtradas)
     
['ma√ß√£', 'morango']
Loop Tradicional: Quando a l√≥gica √© complexa (muitos passos), Quando precisa de break ou continue e Melhor para iniciantes entenderem.

List Comprehension: Para opera√ß√µes simples e transforma√ß√µes r√°pidas, Quando quer c√≥digo mais limpo e Pythonico e Mais eficiente em performance para listas grandes.

b) Sets (Conjuntos)

√öteis para opera√ß√µes matem√°ticas e remo√ß√£o de duplicados.


#Exemplo 3: Uni√£o e Interse√ß√£o
A = {1,2,3}
B = {3,4,5}
print(A.union(B))
     
{1, 2, 3, 4, 5}

#Exemplo 4: Remover Duplicados de uma Lista
lista = [1,2,3,4,4,4]
unicos = list(set(lista))
print(unicos)
     
[1, 2, 3, 4]
c) Dicion√°rios Avan√ßados (defaultdict, Counter)


from collections import Counter

numeros = [1,2,3,4,4,4]
contagem = Counter(numeros)
print(contagem)
     
Counter({4: 3, 1: 1, 2: 1, 3: 1})
Exerc√≠cio:

Transforme este loop em List Comprehension:

# Loop original
quadrados = []
for num in range(1, 6):
    quadrados.append(num ** 2)

# Sua resposta aqui:
quadrados = [num **2 for num in range(1, 6)]
print(quadrados)

2. Manipula√ß√£o de Arquivos
a) Lendo e Escrevendo Arquivos

Para entender mais sobre


#Exemplo 7: Arquivo TXT
# Escrevendo
with open ("dados.txt","w") as arquivo:
  arquivo.write("python\√©\incrivel")

# Lendo
with open ("dados.txt","r") as arquivo:
  conteudo = arquivo.read()
print(conteudo)
     
python\√©\incrivel
open("dados.txt", "w"): Abre o arquivo "dados.txt" em modo de escrita ("w")

Se o arquivo n√£o existir, ser√° criado

Se j√° existir, seu conte√∫do ser√° sobrescrito
with: Garante que o arquivo ser√° fechado automaticamente ap√≥s o bloco de c√≥digo

arquivo.write(): Escreve a string no arquivo

open("dados.txt", "r"): Abre o mesmo arquivo em modo de leitura ("r")

arquivo.read(): L√™ todo o conte√∫do do arquivo e armazena na vari√°vel conteudo

print(conteudo): Exibe o conte√∫do lido, que ser√°:

Para voc√™ entender mais mais sobre importar com Pandas

Aprofando conhecimento de importa√ß√£o com pandas


#Exemplo 8: Arquivo CSV (com Pandas)
import pandas as pd
# Lendo CSV
dados = pd.read_csv("/content/dados.csv")
print(dados.head())

#Exemplo 8: Arquivo CSV (com Pandas)
import pandas as pd
# Lendo CSV
dados = pd.read_csv("dados.csv")
print(dados.head())

# Calculando m√©dia de uma coluna
media = dados["idade"].mean()
print(f"M√©dia de idade:{media}")
     
      aluno  nota
0    camile    10
1  fernanda     9
      aluno  nota
0    camile    10
1  fernanda     9
---------------------------------------------------------------------------
KeyError                                  Traceback (most recent call last)
/usr/local/lib/python3.11/dist-packages/pandas/core/indexes/base.py in get_loc(self, key)
   3804         try:
-> 3805             return self._engine.get_loc(casted_key)
   3806         except KeyError as err:

index.pyx in pandas._libs.index.IndexEngine.get_loc()

index.pyx in pandas._libs.index.IndexEngine.get_loc()

pandas/_libs/hashtable_class_helper.pxi in pandas._libs.hashtable.PyObjectHashTable.get_item()

pandas/_libs/hashtable_class_helper.pxi in pandas._libs.hashtable.PyObjectHashTable.get_item()

KeyError: 'idade'

The above exception was the direct cause of the following exception:

KeyError                                  Traceback (most recent call last)
<ipython-input-33-e9a8e0c1ebe8> in <cell line: 0>()
     12 
     13 # Calculando m√©dia de uma coluna
---> 14 media = dados["idade"].mean()
     15 print(f"M√©dia de idade:{media}")

/usr/local/lib/python3.11/dist-packages/pandas/core/frame.py in __getitem__(self, key)
   4100             if self.columns.nlevels > 1:
   4101                 return self._getitem_multilevel(key)
-> 4102             indexer = self.columns.get_loc(key)
   4103             if is_integer(indexer):
   4104                 indexer = [indexer]

/usr/local/lib/python3.11/dist-packages/pandas/core/indexes/base.py in get_loc(self, key)
   3810             ):
   3811                 raise InvalidIndexError(key)
-> 3812             raise KeyError(key) from err
   3813         except TypeError:
   3814             # If we have a listlike key, _check_indexing_error will raise

KeyError: 'idade'

from google.colab import drive
drive.mount('/content/drive')
     
---------------------------------------------------------------------------
MessageError                              Traceback (most recent call last)
<ipython-input-30-d5df0069828e> in <cell line: 0>()
      1 from google.colab import drive
----> 2 drive.mount('/content/drive')

/usr/local/lib/python3.11/dist-packages/google/colab/drive.py in mount(mountpoint, force_remount, timeout_ms, readonly)
     98 def mount(mountpoint, force_remount=False, timeout_ms=120000, readonly=False):
     99   """Mount your Google Drive at the specified mountpoint path."""
--> 100   return _mount(
    101       mountpoint,
    102       force_remount=force_remount,

/usr/local/lib/python3.11/dist-packages/google/colab/drive.py in _mount(mountpoint, force_remount, timeout_ms, ephemeral, readonly)
    135   )
    136   if ephemeral:
--> 137     _message.blocking_request(
    138         'request_auth',
    139         request={'authType': 'dfs_ephemeral'},

/usr/local/lib/python3.11/dist-packages/google/colab/_message.py in blocking_request(request_type, request, timeout_sec, parent)
    174       request_type, request, parent=parent, expect_reply=True
    175   )
--> 176   return read_reply_from_input(request_id, timeout_sec)

/usr/local/lib/python3.11/dist-packages/google/colab/_message.py in read_reply_from_input(message_id, timeout_sec)
    101     ):
    102       if 'error' in reply:
--> 103         raise MessageError(reply['error'])
    104       return reply.get('data', None)
    105 

MessageError: Error: credential propagation was unsuccessful
pd.read_csv(): Fun√ß√£o do Pandas para ler arquivos CSV

"dados.csv": Nome do arquivo a ser lido (deve estar no mesmo diret√≥rio do script)

Exerc√≠cio:

Crie um arquivo notas.csv com colunas aluno e nota, depois calcule a m√©dia das notas.



     
3. Programa√ß√£o Orientada a Objetos (POO)
a) Classes e Objetos Pense em classes como receitas de bolo e objetos como os bolos prontos.

Parte 1: A Receita (Classe)

Uma classe √© como um molde que define:

Atributos: "Ingredientes" do objeto (ex: cor, tamanho).

M√©todos: "A√ß√µes" que o objeto pode fazer (ex: assar, decorar).

#Exemplo: Classe Bolo
class Bolo: #Isso √© a receita (classe)
    def __init__(self, sabor, cobertura): #Contrutor (prepara o bolo)
      self.sabor = sabor #Atributo 1
      self.cobertura = cobertura #Atributo 2
    def descrever(self): #M√©todo (A√ß√£o)
      return f"Bolo de {self.sabor} com {self.cobertura}"
     
Explica√ß√£o:

__init__: M√©todo especial que "prepara" o objeto (como misturar os ingredientes).

self.sabor: Cada bolo ter√° seu pr√≥prio sabor (atributo √∫nico).
Parte 2: Os Bolos Prontos (Objetos)

Quando voc√™ usa a receita para fazer um bolo, est√° criando um objeto.


#Exemplo: Criando Objetos
bolo1 = Bolo("chocolate", "granulado") #Bolo 1(objeto)
bolo2 = Bolo("morango", "chantilly") #Bolo 2(objeto)

print(bolo1.descrever())
print(bolo2.descrever())
     
Por que Usar Classes?

Organiza√ß√£o: Agrupa dados (atributos) e a√ß√µes (m√©todos) em um √∫nico lugar.

Reutiliza√ß√£o: Crie v√°rios objetos com a mesma estrutura.

Flexibilidade: Cada objeto pode ter valores diferentes.
Classe = Planta de uma casa (define como ser√°).

Objeto = Casa constru√≠da (pode ter v√°rias, cada uma com suas cores e donos).
Parte 3: Personalizando Objetos

Voc√™ pode modificar atributos depois de criar o objeto: bolo1.cobertura = "castanhas" # Troca a cobertura print(bolo1.descrever()) # Agora: "Bolo de chocolate com castanhas!"


  # Troca a cobertura
  # Agora: "Bolo de chocolate com castanhas!"

  bolo1.cobertura = "castanhas" #trocar a cobertura
  print(bolo1.descrever())
     
---------------------------------------------------------------------------
NameError                                 Traceback (most recent call last)
<ipython-input-34-f31b8b54db10> in <cell line: 0>()
      2 # Agora: "Bolo de chocolate com castanhas!"
      3 
----> 4 bolo1.cobertura = "castanhas" #trocar a cobertura
      5 print(bolo1.descrever())

NameError: name 'bolo1' is not defined
descrever() √© um m√©todo desse objeto que, pelo nome, deve retornar uma descri√ß√£o do bolo

Heran√ßa e Polimorfismo: Explica√ß√£o para Iniciantes
Vamos dar exemplo de algo que voc√™s conhecem que √© o zool√≥gico e iremos organizar um de forma digital, j√° conseguiu visualizar n√©?

Heran√ßa (Pai e Filho)

O que √©?

 √â como uma heran√ßa de fam√≠lia: um filho herda caracter√≠sticas do pai.

 No c√≥digo: uma classe (filha) pode copiar atributos e m√©todos de outra classe (pai).
Exemplo Pr√°tico:

Todo animal tem um nome e faz um som.

Um cachorro √© um animal, ent√£o ele herda essas caracter√≠sticas, mas seu som √© diferente ("Au Au!").


#Aqui iremos fazer class com animal
class Animal: #classe pai
  def __init__(self, nome):
    self.nome = nome
  def som(self):
    return "..."
class Cachorro(Animal): #classe filha
  def som(self):
    return "Au Au" #som espec√≠fico

rex = Cachorro("Rex")
print(rex.nome) #herdado do pai: rex
print(rex.som()) #m√©todo sobrescrito: "Au Au"
     
Por que usar?

Para n√£o repetir c√≥digo (ex: todos os animais t√™m nome, mas cada um faz um som diferente).
Polimorfismo (M√∫ltiplas Formas)
√â a capacidade de um mesmo m√©todo se comportar de formas diferentes dependendo do objeto.

      Igual ao bot√£o "ligar" em aparelhos:

      Na TV: liga a tela.

      No r√°dio: liga o som.
Exemplo Pr√°tico:

A fun√ß√£o fazer_som() funciona para qualquer animal, mas cada um tem sua pr√≥pria vers√£o do som.

#Vamos fazer som dos animais?
def fazer_som(animal):
  print(animal.som())

fazer_som(Cachorro("Rex"))
     
---------------------------------------------------------------------------
NameError                                 Traceback (most recent call last)
<ipython-input-43-288000ddad3b> in <cell line: 0>()
      3   print(animal.som())
      4 
----> 5 fazer_som(Cachorro("Rex"))

NameError: name 'Cachorro' is not defined
Por que usar?

Para escrever c√≥digo flex√≠vel: a mesma fun√ß√£o (fazer_som()) funciona com qualquer animal, sem precisar saber se √© um cachorro, gato, etc.

Compara√ß√£o com o Mundo Real

Conceito: Heran√ßas, Polimorfismo
Exemplo do Mundo Real (Heran√ßas): Filho herda o sobrenome do pai.
Exemplo do Mundo Real (Polimorfismo): Bot√£o "ligar" funciona em v√°rios aparelhos.
Exemplo em Python:

Heran√ßas: Cachorro herda nome de Animal.
Polimorfismo: fazer_som() funciona com Cachorro, Gato, etc.
Exerc√≠cio para Fixar

Crie uma classe Veiculo com m√©todo ligar(), e duas subclasses (Carro e Moto) que sobrescrevem esse m√©todo:

NumPy: Arrays e Opera√ß√µes Matem√°ticas
Pense no NumPy como uma super calculadora para lidar com listas de n√∫meros. Ele √© ultra-r√°pido e faz contas complexas em uma √∫nica linha!

Parte 1: Criando Arrays (Listas Turbinadas)

Array = Lista especial do NumPy que permite c√°lculos r√°pidos.


#Exemplo 1: Array B√°sico
import numpy as np

#Lista comum
lista = [1, 2, 3]

#Array Numpy
arr = np.array([1,2,3])
print(arr)
     
[1 2 3]
Um array √© uma estrutura de dados que armazena v√°rios valores em uma √∫nica vari√°vel

Diferen√ßa Chave:

Listas Python: [1, 2, 3]

Arrays NumPy: [1 2 3] (sem v√≠rgulas, e c√°lculos instant√¢neos!)
Parte 2: Opera√ß√µes Vetorizadas (Sem Loops!)

"Vetorizado" = Fazer contas em todos os itens de uma vez (sem for).


#Exemplo 2: Soma Rel√¢mpago
import numpy as np # Import the numpy module with the alias 'np'

a = np.array([1,2,3])
b = np.array([4,5,6])

#Soma tradicional(com loop)
soma_lenta = [a[i] + b[i] for i in range(3)]

#Soma vetorizadas(numpy)
soma_rapida = a + b

#resultado [5,7,9]
     
range(3)

Gera os √≠ndices 0, 1, 2 (ou seja, assume que as listas a e b t√™m 3 elementos).
for i in range(3)

Itera sobre os √≠ndices i = 0, 1, 2.
a[i] + b[i]

Para cada √≠ndice i, soma o elemento a[i] com b[i].

#Exemplo 3: Matem√°tica em Massa
import numpy as np # Import the numpy module with the alias 'np'

arr = np.array([1,2,3])

print(arr * 2) # multiplica
print(arr ** 2) #Elevada ao quadrado: [1 4 9]
print(np.sqrt(arr)) #Raiz quadrada [1, 1.414....]
     
[2 4 6]
[1 4 9]
[1.         1.41421356 1.73205081]
Parte 3: Indexa√ß√£o Avan√ßada

#Exemplo 4: Slicing (Fatiamento)
import numpy as np # Import the numpy module with the alias 'np'
arr = np.array([10, 20, 30, 40, 50])

print(arr[1:4])  #Pega do 20 ao 40
print(arr[:2]) #Pega de 2 em 2 [10 30 50]
     
[20 30 40]
[10 20]

#Exemplo 5: Boolean Masking (Filtro M√°gico)
import numpy as np # Import the numpy module with the alias 'np'
arr = np.array([1, 2, 3, 4, 5])

#Filtra n√∫meros maiores que 3
mascara = arr > 3
print(mascara) #[False False False True True]
print(arr[mascara]) #N√∫meros pares: [4 5]
     
[False False False  True  True]
[4 5]
Exerc√≠cio Pr√°tico

Problema: Dado o array [5, 10, 15, 20]:

Calcule a m√©dia. (S√≥ usar o mean para calcular a m√©dia)

Filtre valores maiores que 10.
Exerc√≠cio Geral
O exerc√≠cio que combina todos os conceitos que vimos (vari√°veis, listas, loops, fun√ß√µes, NumPy, POO e operadores)

1. Criar uma Classe Livro

Atributos: titulo (string), autor (string), disponivel (boolean - inicie como True).

M√©todo: emprestar() que muda disponivel para False.

class Livro:
    def __init__(self, titulo, autor):
        self.titulo = titulo
        self.autor = autor
        self.disponivel = True

    def emprestar(self):
        self.disponivel = False
        print(f"O livro '{self.titulo}' foi emprestado.")

    livro1 = Livro("Mulheres que correm com lobos", "Clarissa Pinkola")
    livro1.emprestar()
     
O livro 'Mulheres que correm com lobos' foi emprestado.


     
2. Lista de Livros e Opera√ß√µes

Crie uma lista biblioteca com 3 livros (ex: "Dom Casmurro", "1984", "O Pequeno Pr√≠ncipe").

Use um loop para emprestar um livro e imprimir seu status.

class Livro:
    def __init__(self, titulo, autor):
        self.titulo = titulo
        self.autor = autor
        self.disponivel = True

    def emprestar(self):
        if self.disponivel:
            self.disponivel = False
            print(f"O livro '{self.titulo}' foi emprestado.")
        else:
            print(f"O livro '{self.titulo}' j√° est√° emprestado.")


livro1 = Livro("Dom Casmurro", "Machado de Assis")
livro2 = Livro("1984", "George Orwell")
livro3 = Livro("O Pequeno Pr√≠ncipe", "Antoine de Saint-Exup√©ry")

biblioteca = [livro1, livro2, livro3]


for livro in biblioteca:
    livro.emprestar()
    print(f"O livro '{livro.titulo}' est√° dispon√≠vel: {livro.disponivel}")


    livro.emprestar()
    print(f"O livro '{livro.titulo}' est√° dispon√≠vel: {livro.disponivel}")
     
O livro 'Dom Casmurro' foi emprestado.
O livro 'Dom Casmurro' est√° dispon√≠vel: False
O livro 'Dom Casmurro' j√° est√° emprestado.
O livro 'Dom Casmurro' est√° dispon√≠vel: False
O livro '1984' foi emprestado.
O livro '1984' est√° dispon√≠vel: False
O livro '1984' j√° est√° emprestado.
O livro '1984' est√° dispon√≠vel: False
O livro 'O Pequeno Pr√≠ncipe' foi emprestado.
O livro 'O Pequeno Pr√≠ncipe' est√° dispon√≠vel: False
O livro 'O Pequeno Pr√≠ncipe' j√° est√° emprestado.
O livro 'O Pequeno Pr√≠ncipe' est√° dispon√≠vel: False


     
3. Filtro com Boolean Masking

Crie um array com p√°ginas fict√≠cias (ex: [200, 328, 96]).

Filtre livros com mais de 100 p√°ginas.

paginas = np.array([200, 328, 96])

livros_mais_de_100_paginas = paginas[paginas > 100]
print(livros_mais_de_100_paginas)
     
[200 328]


     
4. Fun√ß√£o com NumPy

Crie um array NumPy com os anos de publica√ß√£o fict√≠cios (ex: [1899, 1949, 1943]).

Calcule a m√©dia dos anos.

anos = np.array([1899, 1949, 1943])

media_anos = np.mean(anos)
print(media_anos)
     
1930.3333333333333


     
üîπ Passo 1: Conecte seu Colab ao GitHub

Antes de enviar, voc√™ precisa vincular seu Colab ao GitHub.

Abra seu notebook no Google Colab

  Certifique-se de que seu c√≥digo est√° salvo (Ctrl + S ou File > Save).

   em File > Save a copy in GitHub
Se voc√™ n√£o estiver logado, o Google pedir√° permiss√£o para acessar sua conta do GitHub.

üîπ Passo 2: Configurar o Reposit√≥rio

Ao clicar em Save a copy in GitHub, uma janela aparecer√°:

‚úÖ Se j√° tem um reposit√≥rio criado:

Selecione seu GitHub username.

Escolha o reposit√≥rio onde quer salvar.

Defina o branch (geralmente main).

Adicione uma mensagem de commit (ex: "Primeiro upload do Colab").
‚úÖ Se N√ÉO tem um reposit√≥rio:

Marque a op√ß√£o "Create a new repository".

Digite um nome para o reposit√≥rio (ex: meu-projeto-colab).

Escolha se ser√° p√∫blico ou privado.

Adicione uma descri√ß√£o (opcional).
üîπ Passo 3: Confirmar e Enviar

Depois de configurar:

Clique em OK.

O Colab vai:

    Criar um novo reposit√≥rio (se necess√°rio).

    Fazer o commit e push automaticamente.

Pronto! Seu c√≥digo estar√° no GitHub.
üîπ Verificando no GitHub

Acesse seu GitHub: https://github.com

V√° at√© o reposit√≥rio que voc√™ escolheu.

Seu notebook .ipynb estar√° l√°! üéâ
üîπ Dicas Importantes

‚úî Se der erro de autentica√ß√£o:

Verifique se voc√™ autorizou o Colab a acessar o GitHub.

Se necess√°rio, v√° em GitHub Settings > Applications e d√™ permiss√£o.
‚úî Quer atualizar um arquivo existente?

Basta repetir o processo (File > Save a copy in GitHub).
‚úî Quer enviar outros arquivos (dados, imagens)?

Use o Google Drive ou fa√ßa upload manual no GitHub.
